{"name": "test_valid_login", "status": "broken", "statusDetails": {"message": "selenium.common.exceptions.NoSuchElementException: Message: no such element: Unable to locate element: {\"method\":\"css selector\",\"selector\":\"[id=\"Email\"]\"}\n  (Session info: chrome=137.0.7151.41); For documentation on this error, please visit: https://www.selenium.dev/documentation/webdriver/troubleshooting/errors#no-such-element-exception\nStacktrace:\n0   chromedriver                        0x000000010c9dd898 chromedriver + 5986456\n1   chromedriver                        0x000000010c9d49ca chromedriver + 5949898\n2   chromedriver                        0x000000010c48d600 chromedriver + 415232\n3   chromedriver                        0x000000010c4df304 chromedriver + 750340\n4   chromedriver                        0x000000010c4df521 chromedriver + 750881\n5   chromedriver                        0x000000010c52f204 chromedriver + 1077764\n6   chromedriver                        0x000000010c50533d chromedriver + 906045\n7   chromedriver                        0x000000010c52c566 chromedriver + 1066342\n8   chromedriver                        0x000000010c5050e3 chromedriver + 905443\n9   chromedriver                        0x000000010c4d161d chromedriver + 693789\n10  chromedriver                        0x000000010c4d2281 chromedriver + 696961\n11  chromedriver                        0x000000010c99b560 chromedriver + 5715296\n12  chromedriver                        0x000000010c99f425 chromedriver + 5731365\n13  chromedriver                        0x000000010c975eb0 chromedriver + 5562032\n14  chromedriver                        0x000000010c99fe5b chromedriver + 5733979\n15  chromedriver                        0x000000010c964dc4 chromedriver + 5492164\n16  chromedriver                        0x000000010c9c2a78 chromedriver + 5876344\n17  chromedriver                        0x000000010c9c2c40 chromedriver + 5876800\n18  chromedriver                        0x000000010c9d4591 chromedriver + 5948817\n19  libsystem_pthread.dylib             0x00007ff809470df1 _pthread_start + 99\n20  libsystem_pthread.dylib             0x00007ff80946c857 thread_start + 15", "trace": "driver = <selenium.webdriver.chrome.webdriver.WebDriver (session=\"a0955ba947aaad5b47a599d3813b8767\")>\n\n    @pytest.mark.auth\n    @allure.feature('Authentication')\n    @allure.story('User Login')\n    @allure.severity(allure.severity_level.BLOCKER)\n    def test_valid_login(driver):\n        \"\"\"Test valid login scenario with correct credentials.\"\"\"\n        test_id = str(uuid.uuid4())\n        start_time = time.time()\n        user = get_test_user()\n    \n        try:\n            # Log test start\n            logger.log_test_start(\n                \"test_valid_login\",\n                browser=driver.capabilities.get('browserName', 'unknown'),\n                test_id=test_id,\n                environment=getattr(driver, 'test_env', 'test')\n            )\n    \n            # Step 1: Navigate to login page\n            logger.log_test_step(\"Navigate to login page\", \"started\", test_id=test_id)\n            driver.get(\"https://your-ecommerce-site.com/login\")\n            logger.log_test_step(\"Navigate to login page\", \"completed\", test_id=test_id)\n    \n            # Step 2: Perform login\n            logger.log_test_step(\"Login\", \"started\",\n                                test_id=test_id,\n                                details={\"username\": user[\"username\"]})\n>           LoginPage(driver).login(user[\"username\"], user[\"password\"])\n\ntests/test_login.py:39: \n_ _ _ _ _ _ _ _ _ _ _ _ _ _ _ _ _ _ _ _ _ _ _ _ _ _ _ _ _ _ _ _ _ _ _ _ _ _ _ _ _ _ _ _ _ _ _ _ _ _ _ _ _ _ _ _ _ _\npages/login_page.py:12: in login\n    self.driver.find_element(*self.email_input).clear()\nvenv/lib/python3.12/site-packages/selenium/webdriver/remote/webdriver.py:914: in find_element\n    return self.execute(Command.FIND_ELEMENT, {\"using\": by, \"value\": value})[\"value\"]\nvenv/lib/python3.12/site-packages/selenium/webdriver/remote/webdriver.py:447: in execute\n    self.error_handler.check_response(response)\n_ _ _ _ _ _ _ _ _ _ _ _ _ _ _ _ _ _ _ _ _ _ _ _ _ _ _ _ _ _ _ _ _ _ _ _ _ _ _ _ _ _ _ _ _ _ _ _ _ _ _ _ _ _ _ _ _ _\n\nself = <selenium.webdriver.remote.errorhandler.ErrorHandler object at 0x1121e3ce0>\nresponse = {'status': 404, 'value': '{\"value\":{\"error\":\"no such element\",\"message\":\"no such element: Unable to locate element: {\\...7ff809470df1 _pthread_start + 99\\\\n20  libsystem_pthread.dylib             0x00007ff80946c857 thread_start + 15\\\\n\"}}'}\n\n    def check_response(self, response: Dict[str, Any]) -> None:\n        \"\"\"Checks that a JSON response from the WebDriver does not have an\n        error.\n    \n        :Args:\n         - response - The JSON response from the WebDriver server as a dictionary\n           object.\n    \n        :Raises: If the response contains an error message.\n        \"\"\"\n        status = response.get(\"status\", None)\n        if not status or status == ErrorCode.SUCCESS:\n            return\n        value = None\n        message = response.get(\"message\", \"\")\n        screen: str = response.get(\"screen\", \"\")\n        stacktrace = None\n        if isinstance(status, int):\n            value_json = response.get(\"value\", None)\n            if value_json and isinstance(value_json, str):\n                import json\n    \n                try:\n                    value = json.loads(value_json)\n                    if len(value) == 1:\n                        value = value[\"value\"]\n                    status = value.get(\"error\", None)\n                    if not status:\n                        status = value.get(\"status\", ErrorCode.UNKNOWN_ERROR)\n                        message = value.get(\"value\") or value.get(\"message\")\n                        if not isinstance(message, str):\n                            value = message\n                            message = message.get(\"message\")\n                    else:\n                        message = value.get(\"message\", None)\n                except ValueError:\n                    pass\n    \n        exception_class: Type[WebDriverException]\n        e = ErrorCode()\n        error_codes = [item for item in dir(e) if not item.startswith(\"__\")]\n        for error_code in error_codes:\n            error_info = getattr(ErrorCode, error_code)\n            if isinstance(error_info, list) and status in error_info:\n                exception_class = getattr(ExceptionMapping, error_code, WebDriverException)\n                break\n        else:\n            exception_class = WebDriverException\n    \n        if not value:\n            value = response[\"value\"]\n        if isinstance(value, str):\n            raise exception_class(value)\n        if message == \"\" and \"message\" in value:\n            message = value[\"message\"]\n    \n        screen = None  # type: ignore[assignment]\n        if \"screen\" in value:\n            screen = value[\"screen\"]\n    \n        stacktrace = None\n        st_value = value.get(\"stackTrace\") or value.get(\"stacktrace\")\n        if st_value:\n            if isinstance(st_value, str):\n                stacktrace = st_value.split(\"\\n\")\n            else:\n                stacktrace = []\n                try:\n                    for frame in st_value:\n                        line = frame.get(\"lineNumber\", \"\")\n                        file = frame.get(\"fileName\", \"<anonymous>\")\n                        if line:\n                            file = f\"{file}:{line}\"\n                        meth = frame.get(\"methodName\", \"<anonymous>\")\n                        if \"className\" in frame:\n                            meth = f\"{frame['className']}.{meth}\"\n                        msg = \"    at %s (%s)\"\n                        msg = msg % (meth, file)\n                        stacktrace.append(msg)\n                except TypeError:\n                    pass\n        if exception_class == UnexpectedAlertPresentException:\n            alert_text = None\n            if \"data\" in value:\n                alert_text = value[\"data\"].get(\"text\")\n            elif \"alert\" in value:\n                alert_text = value[\"alert\"].get(\"text\")\n            raise exception_class(message, screen, stacktrace, alert_text)  # type: ignore[call-arg]  # mypy is not smart enough here\n>       raise exception_class(message, screen, stacktrace)\nE       selenium.common.exceptions.NoSuchElementException: Message: no such element: Unable to locate element: {\"method\":\"css selector\",\"selector\":\"[id=\"Email\"]\"}\nE         (Session info: chrome=137.0.7151.41); For documentation on this error, please visit: https://www.selenium.dev/documentation/webdriver/troubleshooting/errors#no-such-element-exception\nE       Stacktrace:\nE       0   chromedriver                        0x000000010c9dd898 chromedriver + 5986456\nE       1   chromedriver                        0x000000010c9d49ca chromedriver + 5949898\nE       2   chromedriver                        0x000000010c48d600 chromedriver + 415232\nE       3   chromedriver                        0x000000010c4df304 chromedriver + 750340\nE       4   chromedriver                        0x000000010c4df521 chromedriver + 750881\nE       5   chromedriver                        0x000000010c52f204 chromedriver + 1077764\nE       6   chromedriver                        0x000000010c50533d chromedriver + 906045\nE       7   chromedriver                        0x000000010c52c566 chromedriver + 1066342\nE       8   chromedriver                        0x000000010c5050e3 chromedriver + 905443\nE       9   chromedriver                        0x000000010c4d161d chromedriver + 693789\nE       10  chromedriver                        0x000000010c4d2281 chromedriver + 696961\nE       11  chromedriver                        0x000000010c99b560 chromedriver + 5715296\nE       12  chromedriver                        0x000000010c99f425 chromedriver + 5731365\nE       13  chromedriver                        0x000000010c975eb0 chromedriver + 5562032\nE       14  chromedriver                        0x000000010c99fe5b chromedriver + 5733979\nE       15  chromedriver                        0x000000010c964dc4 chromedriver + 5492164\nE       16  chromedriver                        0x000000010c9c2a78 chromedriver + 5876344\nE       17  chromedriver                        0x000000010c9c2c40 chromedriver + 5876800\nE       18  chromedriver                        0x000000010c9d4591 chromedriver + 5948817\nE       19  libsystem_pthread.dylib             0x00007ff809470df1 _pthread_start + 99\nE       20  libsystem_pthread.dylib             0x00007ff80946c857 thread_start + 15\n\nvenv/lib/python3.12/site-packages/selenium/webdriver/remote/errorhandler.py:232: NoSuchElementException"}, "description": "Test valid login scenario with correct credentials.", "attachments": [{"name": "log", "source": "72e30bb9-ac8d-4819-9315-f0fd7063a165-attachment.txt", "type": "text/plain"}, {"name": "stdout", "source": "e4b9237a-cdf5-4289-ac0c-f6ff6e14f8a1-attachment.txt", "type": "text/plain"}], "start": 1748127835727, "stop": 1748127836148, "uuid": "4a05e447-2d05-40a2-bbb5-d7f76c7395db", "historyId": "ab68c09e23714aa68c720c2ca07c0ecf", "testCaseId": "ab68c09e23714aa68c720c2ca07c0ecf", "fullName": "tests.test_login#test_valid_login", "labels": [{"name": "story", "value": "User Login"}, {"name": "severity", "value": "blocker"}, {"name": "feature", "value": "Authentication"}, {"name": "tag", "value": "auth"}, {"name": "parentSuite", "value": "tests"}, {"name": "suite", "value": "test_login"}, {"name": "host", "value": "MacBookPro.lan"}, {"name": "thread", "value": "43252-MainThread"}, {"name": "framework", "value": "pytest"}, {"name": "language", "value": "cpython3"}, {"name": "package", "value": "tests.test_login"}]}