{"name": "test_valid_login", "status": "broken", "statusDetails": {"message": "selenium.common.exceptions.TimeoutException: Message: \nStacktrace:\n0   chromedriver                        0x0000000104179898 chromedriver + 5986456\n1   chromedriver                        0x00000001041709ca chromedriver + 5949898\n2   chromedriver                        0x0000000103c29600 chromedriver + 415232\n3   chromedriver                        0x0000000103c7b304 chromedriver + 750340\n4   chromedriver                        0x0000000103c7b521 chromedriver + 750881\n5   chromedriver                        0x0000000103ccb204 chromedriver + 1077764\n6   chromedriver                        0x0000000103ca133d chromedriver + 906045\n7   chromedriver                        0x0000000103cc8566 chromedriver + 1066342\n8   chromedriver                        0x0000000103ca10e3 chromedriver + 905443\n9   chromedriver                        0x0000000103c6d61d chromedriver + 693789\n10  chromedriver                        0x0000000103c6e281 chromedriver + 696961\n11  chromedriver                        0x0000000104137560 chromedriver + 5715296\n12  chromedriver                        0x000000010413b425 chromedriver + 5731365\n13  chromedriver                        0x0000000104111eb0 chromedriver + 5562032\n14  chromedriver                        0x000000010413be5b chromedriver + 5733979\n15  chromedriver                        0x0000000104100dc4 chromedriver + 5492164\n16  chromedriver                        0x000000010415ea78 chromedriver + 5876344\n17  chromedriver                        0x000000010415ec40 chromedriver + 5876800\n18  chromedriver                        0x0000000104170591 chromedriver + 5948817\n19  libsystem_pthread.dylib             0x00007ff809470df1 _pthread_start + 99\n20  libsystem_pthread.dylib             0x00007ff80946c857 thread_start + 15", "trace": "driver = <selenium.webdriver.chrome.webdriver.WebDriver (session=\"193f10fbf9eedecd05472a4dae4e69f5\")>\n\n    @pytest.mark.auth\n    @allure.feature('Authentication')\n    @allure.story('User Login')\n    @allure.severity(allure.severity_level.BLOCKER)\n    def test_valid_login(driver):\n        \"\"\"Test valid login scenario with correct credentials.\"\"\"\n        test_id = str(uuid.uuid4())\n        start_time = time.time()\n        user = get_test_user()\n    \n        try:\n            # Log test start\n            logger.log_test_start(\n                \"test_valid_login\",\n                browser=driver.capabilities.get('browserName', 'unknown'),\n                test_id=test_id,\n                environment=getattr(driver, 'test_env', 'test')\n            )\n    \n            # Step 1: Navigate to login page\n            logger.log_test_step(\"Navigate to login page\", \"started\", test_id=test_id)\n            driver.get(\"https://your-ecommerce-site.com/login\")\n            logger.log_test_step(\"Navigate to login page\", \"completed\", test_id=test_id)\n    \n            # Step 2: Perform login\n            logger.log_test_step(\"Login\", \"started\",\n                                test_id=test_id,\n                                details={\"username\": user[\"username\"]})\n>           LoginPage(driver).login(user[\"username\"], user[\"password\"])\n\ntests/test_login.py:39: \n_ _ _ _ _ _ _ _ _ _ _ _ _ _ _ _ _ _ _ _ _ _ _ _ _ _ _ _ _ _ _ _ _ _ _ _ _ _ _ _ _ _ _ _ _ _ _ _ _ _ _ _ _ _ _ _ _ _\npages/login_page.py:15: in login\n    email_field = self.wait.until(EC.presence_of_element_located(self.email_input))\n_ _ _ _ _ _ _ _ _ _ _ _ _ _ _ _ _ _ _ _ _ _ _ _ _ _ _ _ _ _ _ _ _ _ _ _ _ _ _ _ _ _ _ _ _ _ _ _ _ _ _ _ _ _ _ _ _ _\n\nself = <selenium.webdriver.support.wait.WebDriverWait (session=\"193f10fbf9eedecd05472a4dae4e69f5\")>\nmethod = <function presence_of_element_located.<locals>._predicate at 0x11179ce00>, message = ''\n\n    def until(self, method: Callable[[D], Union[Literal[False], T]], message: str = \"\") -> T:\n        \"\"\"Wait until the method returns a value that is not False.\n    \n        Calls the method provided with the driver as an argument until the\n        return value does not evaluate to ``False``.\n    \n        Parameters:\n        -----------\n        method: callable(WebDriver)\n            - A callable object that takes a WebDriver instance as an argument.\n    \n        message: str\n            - Optional message for :exc:`TimeoutException`\n    \n        Return:\n        -------\n        object: T\n            - The result of the last call to `method`\n    \n        Raises:\n        -------\n        TimeoutException\n            - If 'method' does not return a truthy value within the WebDriverWait\n            object's timeout\n    \n        Example:\n        --------\n        >>> from selenium.webdriver.common.by import By\n        >>> from selenium.webdriver.support.ui import WebDriverWait\n        >>> from selenium.webdriver.support import expected_conditions as EC\n    \n        # Wait until an element is visible on the page\n        >>> wait = WebDriverWait(driver, 10)\n        >>> element = wait.until(EC.visibility_of_element_located((By.ID, \"exampleId\")))\n        >>> print(element.text)\n        \"\"\"\n        screen = None\n        stacktrace = None\n    \n        end_time = time.monotonic() + self._timeout\n        while True:\n            try:\n                value = method(self._driver)\n                if value:\n                    return value\n            except self._ignored_exceptions as exc:\n                screen = getattr(exc, \"screen\", None)\n                stacktrace = getattr(exc, \"stacktrace\", None)\n            if time.monotonic() > end_time:\n                break\n            time.sleep(self._poll)\n>       raise TimeoutException(message, screen, stacktrace)\nE       selenium.common.exceptions.TimeoutException: Message: \nE       Stacktrace:\nE       0   chromedriver                        0x0000000104179898 chromedriver + 5986456\nE       1   chromedriver                        0x00000001041709ca chromedriver + 5949898\nE       2   chromedriver                        0x0000000103c29600 chromedriver + 415232\nE       3   chromedriver                        0x0000000103c7b304 chromedriver + 750340\nE       4   chromedriver                        0x0000000103c7b521 chromedriver + 750881\nE       5   chromedriver                        0x0000000103ccb204 chromedriver + 1077764\nE       6   chromedriver                        0x0000000103ca133d chromedriver + 906045\nE       7   chromedriver                        0x0000000103cc8566 chromedriver + 1066342\nE       8   chromedriver                        0x0000000103ca10e3 chromedriver + 905443\nE       9   chromedriver                        0x0000000103c6d61d chromedriver + 693789\nE       10  chromedriver                        0x0000000103c6e281 chromedriver + 696961\nE       11  chromedriver                        0x0000000104137560 chromedriver + 5715296\nE       12  chromedriver                        0x000000010413b425 chromedriver + 5731365\nE       13  chromedriver                        0x0000000104111eb0 chromedriver + 5562032\nE       14  chromedriver                        0x000000010413be5b chromedriver + 5733979\nE       15  chromedriver                        0x0000000104100dc4 chromedriver + 5492164\nE       16  chromedriver                        0x000000010415ea78 chromedriver + 5876344\nE       17  chromedriver                        0x000000010415ec40 chromedriver + 5876800\nE       18  chromedriver                        0x0000000104170591 chromedriver + 5948817\nE       19  libsystem_pthread.dylib             0x00007ff809470df1 _pthread_start + 99\nE       20  libsystem_pthread.dylib             0x00007ff80946c857 thread_start + 15\n\nvenv/lib/python3.12/site-packages/selenium/webdriver/support/wait.py:138: TimeoutException"}, "description": "Test valid login scenario with correct credentials.", "attachments": [{"name": "log", "source": "30b00f77-605b-4ad7-a56b-ba840ee4bac2-attachment.txt", "type": "text/plain"}, {"name": "stdout", "source": "6485ea83-6601-453d-9bd1-f0367c4d3610-attachment.txt", "type": "text/plain"}, {"name": "stderr", "source": "fb9a40e7-c15f-4724-b535-7c1d16a4634f-attachment.txt", "type": "text/plain"}], "start": 1748127993098, "stop": 1748128004007, "uuid": "65e0057e-9021-4d48-9363-8be4f8668769", "historyId": "ab68c09e23714aa68c720c2ca07c0ecf", "testCaseId": "ab68c09e23714aa68c720c2ca07c0ecf", "fullName": "tests.test_login#test_valid_login", "labels": [{"name": "severity", "value": "blocker"}, {"name": "story", "value": "User Login"}, {"name": "feature", "value": "Authentication"}, {"name": "tag", "value": "auth"}, {"name": "parentSuite", "value": "tests"}, {"name": "suite", "value": "test_login"}, {"name": "host", "value": "MacBookPro.lan"}, {"name": "thread", "value": "44308-MainThread"}, {"name": "framework", "value": "pytest"}, {"name": "language", "value": "cpython3"}, {"name": "package", "value": "tests.test_login"}]}