--- Logging error ---
Traceback (most recent call last):
  File "/Library/Frameworks/Python.framework/Versions/3.12/lib/python3.12/logging/handlers.py", line 73, in emit
    if self.shouldRollover(record):
       ^^^^^^^^^^^^^^^^^^^^^^^^^^^
  File "/Library/Frameworks/Python.framework/Versions/3.12/lib/python3.12/logging/handlers.py", line 196, in shouldRollover
    msg = "%s\n" % self.format(record)
                   ^^^^^^^^^^^^^^^^^^^
  File "/Library/Frameworks/Python.framework/Versions/3.12/lib/python3.12/logging/__init__.py", line 999, in format
    return fmt.format(record)
           ^^^^^^^^^^^^^^^^^^
  File "/Users/arunkumardamera/Documents/E-commerce_Web_Application_TesAutomation_Project/ecommerce_test_automation_v1/ecommerce_automation/utils/test_logger.py", line 14, in format
    "timestamp": datetime.now(datetime.UTC).isoformat(),
                              ^^^^^^^^^^^^
AttributeError: type object 'datetime.datetime' has no attribute 'UTC'
Call stack:
  File "<frozen runpy>", line 198, in _run_module_as_main
  File "<frozen runpy>", line 88, in _run_code
  File "/Users/arunkumardamera/Documents/E-commerce_Web_Application_TesAutomation_Project/ecommerce_test_automation_v1/ecommerce_automation/venv/lib/python3.12/site-packages/pytest/__main__.py", line 9, in <module>
    raise SystemExit(pytest.console_main())
  File "/Users/arunkumardamera/Documents/E-commerce_Web_Application_TesAutomation_Project/ecommerce_test_automation_v1/ecommerce_automation/venv/lib/python3.12/site-packages/_pytest/config/__init__.py", line 201, in console_main
    code = main()
  File "/Users/arunkumardamera/Documents/E-commerce_Web_Application_TesAutomation_Project/ecommerce_test_automation_v1/ecommerce_automation/venv/lib/python3.12/site-packages/_pytest/config/__init__.py", line 175, in main
    ret: ExitCode | int = config.hook.pytest_cmdline_main(config=config)
  File "/Users/arunkumardamera/Documents/E-commerce_Web_Application_TesAutomation_Project/ecommerce_test_automation_v1/ecommerce_automation/venv/lib/python3.12/site-packages/pluggy/_hooks.py", line 512, in __call__
    return self._hookexec(self.name, self._hookimpls.copy(), kwargs, firstresult)
  File "/Users/arunkumardamera/Documents/E-commerce_Web_Application_TesAutomation_Project/ecommerce_test_automation_v1/ecommerce_automation/venv/lib/python3.12/site-packages/pluggy/_manager.py", line 120, in _hookexec
    return self._inner_hookexec(hook_name, methods, kwargs, firstresult)
  File "/Users/arunkumardamera/Documents/E-commerce_Web_Application_TesAutomation_Project/ecommerce_test_automation_v1/ecommerce_automation/venv/lib/python3.12/site-packages/pluggy/_callers.py", line 121, in _multicall
    res = hook_impl.function(*args)
  File "/Users/arunkumardamera/Documents/E-commerce_Web_Application_TesAutomation_Project/ecommerce_test_automation_v1/ecommerce_automation/venv/lib/python3.12/site-packages/_pytest/main.py", line 330, in pytest_cmdline_main
    return wrap_session(config, _main)
  File "/Users/arunkumardamera/Documents/E-commerce_Web_Application_TesAutomation_Project/ecommerce_test_automation_v1/ecommerce_automation/venv/lib/python3.12/site-packages/_pytest/main.py", line 283, in wrap_session
    session.exitstatus = doit(config, session) or 0
  File "/Users/arunkumardamera/Documents/E-commerce_Web_Application_TesAutomation_Project/ecommerce_test_automation_v1/ecommerce_automation/venv/lib/python3.12/site-packages/_pytest/main.py", line 337, in _main
    config.hook.pytest_runtestloop(session=session)
  File "/Users/arunkumardamera/Documents/E-commerce_Web_Application_TesAutomation_Project/ecommerce_test_automation_v1/ecommerce_automation/venv/lib/python3.12/site-packages/pluggy/_hooks.py", line 512, in __call__
    return self._hookexec(self.name, self._hookimpls.copy(), kwargs, firstresult)
  File "/Users/arunkumardamera/Documents/E-commerce_Web_Application_TesAutomation_Project/ecommerce_test_automation_v1/ecommerce_automation/venv/lib/python3.12/site-packages/pluggy/_manager.py", line 120, in _hookexec
    return self._inner_hookexec(hook_name, methods, kwargs, firstresult)
  File "/Users/arunkumardamera/Documents/E-commerce_Web_Application_TesAutomation_Project/ecommerce_test_automation_v1/ecommerce_automation/venv/lib/python3.12/site-packages/pluggy/_callers.py", line 121, in _multicall
    res = hook_impl.function(*args)
  File "/Users/arunkumardamera/Documents/E-commerce_Web_Application_TesAutomation_Project/ecommerce_test_automation_v1/ecommerce_automation/venv/lib/python3.12/site-packages/_pytest/main.py", line 362, in pytest_runtestloop
    item.config.hook.pytest_runtest_protocol(item=item, nextitem=nextitem)
  File "/Users/arunkumardamera/Documents/E-commerce_Web_Application_TesAutomation_Project/ecommerce_test_automation_v1/ecommerce_automation/venv/lib/python3.12/site-packages/pluggy/_hooks.py", line 512, in __call__
    return self._hookexec(self.name, self._hookimpls.copy(), kwargs, firstresult)
  File "/Users/arunkumardamera/Documents/E-commerce_Web_Application_TesAutomation_Project/ecommerce_test_automation_v1/ecommerce_automation/venv/lib/python3.12/site-packages/pluggy/_manager.py", line 120, in _hookexec
    return self._inner_hookexec(hook_name, methods, kwargs, firstresult)
  File "/Users/arunkumardamera/Documents/E-commerce_Web_Application_TesAutomation_Project/ecommerce_test_automation_v1/ecommerce_automation/venv/lib/python3.12/site-packages/pluggy/_callers.py", line 121, in _multicall
    res = hook_impl.function(*args)
  File "/Users/arunkumardamera/Documents/E-commerce_Web_Application_TesAutomation_Project/ecommerce_test_automation_v1/ecommerce_automation/venv/lib/python3.12/site-packages/_pytest/runner.py", line 113, in pytest_runtest_protocol
    runtestprotocol(item, nextitem=nextitem)
  File "/Users/arunkumardamera/Documents/E-commerce_Web_Application_TesAutomation_Project/ecommerce_test_automation_v1/ecommerce_automation/venv/lib/python3.12/site-packages/_pytest/runner.py", line 132, in runtestprotocol
    reports.append(call_and_report(item, "call", log))
  File "/Users/arunkumardamera/Documents/E-commerce_Web_Application_TesAutomation_Project/ecommerce_test_automation_v1/ecommerce_automation/venv/lib/python3.12/site-packages/_pytest/runner.py", line 241, in call_and_report
    call = CallInfo.from_call(
  File "/Users/arunkumardamera/Documents/E-commerce_Web_Application_TesAutomation_Project/ecommerce_test_automation_v1/ecommerce_automation/venv/lib/python3.12/site-packages/_pytest/runner.py", line 341, in from_call
    result: TResult | None = func()
  File "/Users/arunkumardamera/Documents/E-commerce_Web_Application_TesAutomation_Project/ecommerce_test_automation_v1/ecommerce_automation/venv/lib/python3.12/site-packages/_pytest/runner.py", line 242, in <lambda>
    lambda: runtest_hook(item=item, **kwds), when=when, reraise=reraise
  File "/Users/arunkumardamera/Documents/E-commerce_Web_Application_TesAutomation_Project/ecommerce_test_automation_v1/ecommerce_automation/venv/lib/python3.12/site-packages/pluggy/_hooks.py", line 512, in __call__
    return self._hookexec(self.name, self._hookimpls.copy(), kwargs, firstresult)
  File "/Users/arunkumardamera/Documents/E-commerce_Web_Application_TesAutomation_Project/ecommerce_test_automation_v1/ecommerce_automation/venv/lib/python3.12/site-packages/pluggy/_manager.py", line 120, in _hookexec
    return self._inner_hookexec(hook_name, methods, kwargs, firstresult)
  File "/Users/arunkumardamera/Documents/E-commerce_Web_Application_TesAutomation_Project/ecommerce_test_automation_v1/ecommerce_automation/venv/lib/python3.12/site-packages/pluggy/_callers.py", line 121, in _multicall
    res = hook_impl.function(*args)
  File "/Users/arunkumardamera/Documents/E-commerce_Web_Application_TesAutomation_Project/ecommerce_test_automation_v1/ecommerce_automation/venv/lib/python3.12/site-packages/_pytest/runner.py", line 174, in pytest_runtest_call
    item.runtest()
  File "/Users/arunkumardamera/Documents/E-commerce_Web_Application_TesAutomation_Project/ecommerce_test_automation_v1/ecommerce_automation/venv/lib/python3.12/site-packages/_pytest/python.py", line 1627, in runtest
    self.ihook.pytest_pyfunc_call(pyfuncitem=self)
  File "/Users/arunkumardamera/Documents/E-commerce_Web_Application_TesAutomation_Project/ecommerce_test_automation_v1/ecommerce_automation/venv/lib/python3.12/site-packages/pluggy/_hooks.py", line 512, in __call__
    return self._hookexec(self.name, self._hookimpls.copy(), kwargs, firstresult)
  File "/Users/arunkumardamera/Documents/E-commerce_Web_Application_TesAutomation_Project/ecommerce_test_automation_v1/ecommerce_automation/venv/lib/python3.12/site-packages/pluggy/_manager.py", line 120, in _hookexec
    return self._inner_hookexec(hook_name, methods, kwargs, firstresult)
  File "/Users/arunkumardamera/Documents/E-commerce_Web_Application_TesAutomation_Project/ecommerce_test_automation_v1/ecommerce_automation/venv/lib/python3.12/site-packages/pluggy/_callers.py", line 121, in _multicall
    res = hook_impl.function(*args)
  File "/Users/arunkumardamera/Documents/E-commerce_Web_Application_TesAutomation_Project/ecommerce_test_automation_v1/ecommerce_automation/venv/lib/python3.12/site-packages/_pytest/python.py", line 159, in pytest_pyfunc_call
    result = testfunction(**testargs)
  File "/Users/arunkumardamera/Documents/E-commerce_Web_Application_TesAutomation_Project/ecommerce_test_automation_v1/ecommerce_automation/tests/test_search.py", line 24, in test_search_product
    logger.log_test_start(
  File "/Users/arunkumardamera/Documents/E-commerce_Web_Application_TesAutomation_Project/ecommerce_test_automation_v1/ecommerce_automation/utils/test_logger.py", line 98, in log_test_start
    self.test_logger.info(
Message: 'Starting test: test_search_product'
Arguments: ()
--- Logging error ---
Traceback (most recent call last):
  File "/Library/Frameworks/Python.framework/Versions/3.12/lib/python3.12/logging/handlers.py", line 73, in emit
    if self.shouldRollover(record):
       ^^^^^^^^^^^^^^^^^^^^^^^^^^^
  File "/Library/Frameworks/Python.framework/Versions/3.12/lib/python3.12/logging/handlers.py", line 196, in shouldRollover
    msg = "%s\n" % self.format(record)
                   ^^^^^^^^^^^^^^^^^^^
  File "/Library/Frameworks/Python.framework/Versions/3.12/lib/python3.12/logging/__init__.py", line 999, in format
    return fmt.format(record)
           ^^^^^^^^^^^^^^^^^^
  File "/Users/arunkumardamera/Documents/E-commerce_Web_Application_TesAutomation_Project/ecommerce_test_automation_v1/ecommerce_automation/utils/test_logger.py", line 14, in format
    "timestamp": datetime.now(datetime.UTC).isoformat(),
                              ^^^^^^^^^^^^
AttributeError: type object 'datetime.datetime' has no attribute 'UTC'
Call stack:
  File "<frozen runpy>", line 198, in _run_module_as_main
  File "<frozen runpy>", line 88, in _run_code
  File "/Users/arunkumardamera/Documents/E-commerce_Web_Application_TesAutomation_Project/ecommerce_test_automation_v1/ecommerce_automation/venv/lib/python3.12/site-packages/pytest/__main__.py", line 9, in <module>
    raise SystemExit(pytest.console_main())
  File "/Users/arunkumardamera/Documents/E-commerce_Web_Application_TesAutomation_Project/ecommerce_test_automation_v1/ecommerce_automation/venv/lib/python3.12/site-packages/_pytest/config/__init__.py", line 201, in console_main
    code = main()
  File "/Users/arunkumardamera/Documents/E-commerce_Web_Application_TesAutomation_Project/ecommerce_test_automation_v1/ecommerce_automation/venv/lib/python3.12/site-packages/_pytest/config/__init__.py", line 175, in main
    ret: ExitCode | int = config.hook.pytest_cmdline_main(config=config)
  File "/Users/arunkumardamera/Documents/E-commerce_Web_Application_TesAutomation_Project/ecommerce_test_automation_v1/ecommerce_automation/venv/lib/python3.12/site-packages/pluggy/_hooks.py", line 512, in __call__
    return self._hookexec(self.name, self._hookimpls.copy(), kwargs, firstresult)
  File "/Users/arunkumardamera/Documents/E-commerce_Web_Application_TesAutomation_Project/ecommerce_test_automation_v1/ecommerce_automation/venv/lib/python3.12/site-packages/pluggy/_manager.py", line 120, in _hookexec
    return self._inner_hookexec(hook_name, methods, kwargs, firstresult)
  File "/Users/arunkumardamera/Documents/E-commerce_Web_Application_TesAutomation_Project/ecommerce_test_automation_v1/ecommerce_automation/venv/lib/python3.12/site-packages/pluggy/_callers.py", line 121, in _multicall
    res = hook_impl.function(*args)
  File "/Users/arunkumardamera/Documents/E-commerce_Web_Application_TesAutomation_Project/ecommerce_test_automation_v1/ecommerce_automation/venv/lib/python3.12/site-packages/_pytest/main.py", line 330, in pytest_cmdline_main
    return wrap_session(config, _main)
  File "/Users/arunkumardamera/Documents/E-commerce_Web_Application_TesAutomation_Project/ecommerce_test_automation_v1/ecommerce_automation/venv/lib/python3.12/site-packages/_pytest/main.py", line 283, in wrap_session
    session.exitstatus = doit(config, session) or 0
  File "/Users/arunkumardamera/Documents/E-commerce_Web_Application_TesAutomation_Project/ecommerce_test_automation_v1/ecommerce_automation/venv/lib/python3.12/site-packages/_pytest/main.py", line 337, in _main
    config.hook.pytest_runtestloop(session=session)
  File "/Users/arunkumardamera/Documents/E-commerce_Web_Application_TesAutomation_Project/ecommerce_test_automation_v1/ecommerce_automation/venv/lib/python3.12/site-packages/pluggy/_hooks.py", line 512, in __call__
    return self._hookexec(self.name, self._hookimpls.copy(), kwargs, firstresult)
  File "/Users/arunkumardamera/Documents/E-commerce_Web_Application_TesAutomation_Project/ecommerce_test_automation_v1/ecommerce_automation/venv/lib/python3.12/site-packages/pluggy/_manager.py", line 120, in _hookexec
    return self._inner_hookexec(hook_name, methods, kwargs, firstresult)
  File "/Users/arunkumardamera/Documents/E-commerce_Web_Application_TesAutomation_Project/ecommerce_test_automation_v1/ecommerce_automation/venv/lib/python3.12/site-packages/pluggy/_callers.py", line 121, in _multicall
    res = hook_impl.function(*args)
  File "/Users/arunkumardamera/Documents/E-commerce_Web_Application_TesAutomation_Project/ecommerce_test_automation_v1/ecommerce_automation/venv/lib/python3.12/site-packages/_pytest/main.py", line 362, in pytest_runtestloop
    item.config.hook.pytest_runtest_protocol(item=item, nextitem=nextitem)
  File "/Users/arunkumardamera/Documents/E-commerce_Web_Application_TesAutomation_Project/ecommerce_test_automation_v1/ecommerce_automation/venv/lib/python3.12/site-packages/pluggy/_hooks.py", line 512, in __call__
    return self._hookexec(self.name, self._hookimpls.copy(), kwargs, firstresult)
  File "/Users/arunkumardamera/Documents/E-commerce_Web_Application_TesAutomation_Project/ecommerce_test_automation_v1/ecommerce_automation/venv/lib/python3.12/site-packages/pluggy/_manager.py", line 120, in _hookexec
    return self._inner_hookexec(hook_name, methods, kwargs, firstresult)
  File "/Users/arunkumardamera/Documents/E-commerce_Web_Application_TesAutomation_Project/ecommerce_test_automation_v1/ecommerce_automation/venv/lib/python3.12/site-packages/pluggy/_callers.py", line 121, in _multicall
    res = hook_impl.function(*args)
  File "/Users/arunkumardamera/Documents/E-commerce_Web_Application_TesAutomation_Project/ecommerce_test_automation_v1/ecommerce_automation/venv/lib/python3.12/site-packages/_pytest/runner.py", line 113, in pytest_runtest_protocol
    runtestprotocol(item, nextitem=nextitem)
  File "/Users/arunkumardamera/Documents/E-commerce_Web_Application_TesAutomation_Project/ecommerce_test_automation_v1/ecommerce_automation/venv/lib/python3.12/site-packages/_pytest/runner.py", line 132, in runtestprotocol
    reports.append(call_and_report(item, "call", log))
  File "/Users/arunkumardamera/Documents/E-commerce_Web_Application_TesAutomation_Project/ecommerce_test_automation_v1/ecommerce_automation/venv/lib/python3.12/site-packages/_pytest/runner.py", line 241, in call_and_report
    call = CallInfo.from_call(
  File "/Users/arunkumardamera/Documents/E-commerce_Web_Application_TesAutomation_Project/ecommerce_test_automation_v1/ecommerce_automation/venv/lib/python3.12/site-packages/_pytest/runner.py", line 341, in from_call
    result: TResult | None = func()
  File "/Users/arunkumardamera/Documents/E-commerce_Web_Application_TesAutomation_Project/ecommerce_test_automation_v1/ecommerce_automation/venv/lib/python3.12/site-packages/_pytest/runner.py", line 242, in <lambda>
    lambda: runtest_hook(item=item, **kwds), when=when, reraise=reraise
  File "/Users/arunkumardamera/Documents/E-commerce_Web_Application_TesAutomation_Project/ecommerce_test_automation_v1/ecommerce_automation/venv/lib/python3.12/site-packages/pluggy/_hooks.py", line 512, in __call__
    return self._hookexec(self.name, self._hookimpls.copy(), kwargs, firstresult)
  File "/Users/arunkumardamera/Documents/E-commerce_Web_Application_TesAutomation_Project/ecommerce_test_automation_v1/ecommerce_automation/venv/lib/python3.12/site-packages/pluggy/_manager.py", line 120, in _hookexec
    return self._inner_hookexec(hook_name, methods, kwargs, firstresult)
  File "/Users/arunkumardamera/Documents/E-commerce_Web_Application_TesAutomation_Project/ecommerce_test_automation_v1/ecommerce_automation/venv/lib/python3.12/site-packages/pluggy/_callers.py", line 121, in _multicall
    res = hook_impl.function(*args)
  File "/Users/arunkumardamera/Documents/E-commerce_Web_Application_TesAutomation_Project/ecommerce_test_automation_v1/ecommerce_automation/venv/lib/python3.12/site-packages/_pytest/runner.py", line 174, in pytest_runtest_call
    item.runtest()
  File "/Users/arunkumardamera/Documents/E-commerce_Web_Application_TesAutomation_Project/ecommerce_test_automation_v1/ecommerce_automation/venv/lib/python3.12/site-packages/_pytest/python.py", line 1627, in runtest
    self.ihook.pytest_pyfunc_call(pyfuncitem=self)
  File "/Users/arunkumardamera/Documents/E-commerce_Web_Application_TesAutomation_Project/ecommerce_test_automation_v1/ecommerce_automation/venv/lib/python3.12/site-packages/pluggy/_hooks.py", line 512, in __call__
    return self._hookexec(self.name, self._hookimpls.copy(), kwargs, firstresult)
  File "/Users/arunkumardamera/Documents/E-commerce_Web_Application_TesAutomation_Project/ecommerce_test_automation_v1/ecommerce_automation/venv/lib/python3.12/site-packages/pluggy/_manager.py", line 120, in _hookexec
    return self._inner_hookexec(hook_name, methods, kwargs, firstresult)
  File "/Users/arunkumardamera/Documents/E-commerce_Web_Application_TesAutomation_Project/ecommerce_test_automation_v1/ecommerce_automation/venv/lib/python3.12/site-packages/pluggy/_callers.py", line 121, in _multicall
    res = hook_impl.function(*args)
  File "/Users/arunkumardamera/Documents/E-commerce_Web_Application_TesAutomation_Project/ecommerce_test_automation_v1/ecommerce_automation/venv/lib/python3.12/site-packages/_pytest/python.py", line 159, in pytest_pyfunc_call
    result = testfunction(**testargs)
  File "/Users/arunkumardamera/Documents/E-commerce_Web_Application_TesAutomation_Project/ecommerce_test_automation_v1/ecommerce_automation/tests/test_search.py", line 32, in test_search_product
    logger.log_test_step("Navigate to home", "started", test_id=test_id)
  File "/Users/arunkumardamera/Documents/E-commerce_Web_Application_TesAutomation_Project/ecommerce_test_automation_v1/ecommerce_automation/utils/test_logger.py", line 120, in log_test_step
    self.test_logger.debug(
Message: 'Test step: Navigate to home - started'
Arguments: ()
--- Logging error ---
Traceback (most recent call last):
  File "/Library/Frameworks/Python.framework/Versions/3.12/lib/python3.12/logging/handlers.py", line 73, in emit
    if self.shouldRollover(record):
       ^^^^^^^^^^^^^^^^^^^^^^^^^^^
  File "/Library/Frameworks/Python.framework/Versions/3.12/lib/python3.12/logging/handlers.py", line 196, in shouldRollover
    msg = "%s\n" % self.format(record)
                   ^^^^^^^^^^^^^^^^^^^
  File "/Library/Frameworks/Python.framework/Versions/3.12/lib/python3.12/logging/__init__.py", line 999, in format
    return fmt.format(record)
           ^^^^^^^^^^^^^^^^^^
  File "/Users/arunkumardamera/Documents/E-commerce_Web_Application_TesAutomation_Project/ecommerce_test_automation_v1/ecommerce_automation/utils/test_logger.py", line 14, in format
    "timestamp": datetime.now(datetime.UTC).isoformat(),
                              ^^^^^^^^^^^^
AttributeError: type object 'datetime.datetime' has no attribute 'UTC'
Call stack:
  File "<frozen runpy>", line 198, in _run_module_as_main
  File "<frozen runpy>", line 88, in _run_code
  File "/Users/arunkumardamera/Documents/E-commerce_Web_Application_TesAutomation_Project/ecommerce_test_automation_v1/ecommerce_automation/venv/lib/python3.12/site-packages/pytest/__main__.py", line 9, in <module>
    raise SystemExit(pytest.console_main())
  File "/Users/arunkumardamera/Documents/E-commerce_Web_Application_TesAutomation_Project/ecommerce_test_automation_v1/ecommerce_automation/venv/lib/python3.12/site-packages/_pytest/config/__init__.py", line 201, in console_main
    code = main()
  File "/Users/arunkumardamera/Documents/E-commerce_Web_Application_TesAutomation_Project/ecommerce_test_automation_v1/ecommerce_automation/venv/lib/python3.12/site-packages/_pytest/config/__init__.py", line 175, in main
    ret: ExitCode | int = config.hook.pytest_cmdline_main(config=config)
  File "/Users/arunkumardamera/Documents/E-commerce_Web_Application_TesAutomation_Project/ecommerce_test_automation_v1/ecommerce_automation/venv/lib/python3.12/site-packages/pluggy/_hooks.py", line 512, in __call__
    return self._hookexec(self.name, self._hookimpls.copy(), kwargs, firstresult)
  File "/Users/arunkumardamera/Documents/E-commerce_Web_Application_TesAutomation_Project/ecommerce_test_automation_v1/ecommerce_automation/venv/lib/python3.12/site-packages/pluggy/_manager.py", line 120, in _hookexec
    return self._inner_hookexec(hook_name, methods, kwargs, firstresult)
  File "/Users/arunkumardamera/Documents/E-commerce_Web_Application_TesAutomation_Project/ecommerce_test_automation_v1/ecommerce_automation/venv/lib/python3.12/site-packages/pluggy/_callers.py", line 121, in _multicall
    res = hook_impl.function(*args)
  File "/Users/arunkumardamera/Documents/E-commerce_Web_Application_TesAutomation_Project/ecommerce_test_automation_v1/ecommerce_automation/venv/lib/python3.12/site-packages/_pytest/main.py", line 330, in pytest_cmdline_main
    return wrap_session(config, _main)
  File "/Users/arunkumardamera/Documents/E-commerce_Web_Application_TesAutomation_Project/ecommerce_test_automation_v1/ecommerce_automation/venv/lib/python3.12/site-packages/_pytest/main.py", line 283, in wrap_session
    session.exitstatus = doit(config, session) or 0
  File "/Users/arunkumardamera/Documents/E-commerce_Web_Application_TesAutomation_Project/ecommerce_test_automation_v1/ecommerce_automation/venv/lib/python3.12/site-packages/_pytest/main.py", line 337, in _main
    config.hook.pytest_runtestloop(session=session)
  File "/Users/arunkumardamera/Documents/E-commerce_Web_Application_TesAutomation_Project/ecommerce_test_automation_v1/ecommerce_automation/venv/lib/python3.12/site-packages/pluggy/_hooks.py", line 512, in __call__
    return self._hookexec(self.name, self._hookimpls.copy(), kwargs, firstresult)
  File "/Users/arunkumardamera/Documents/E-commerce_Web_Application_TesAutomation_Project/ecommerce_test_automation_v1/ecommerce_automation/venv/lib/python3.12/site-packages/pluggy/_manager.py", line 120, in _hookexec
    return self._inner_hookexec(hook_name, methods, kwargs, firstresult)
  File "/Users/arunkumardamera/Documents/E-commerce_Web_Application_TesAutomation_Project/ecommerce_test_automation_v1/ecommerce_automation/venv/lib/python3.12/site-packages/pluggy/_callers.py", line 121, in _multicall
    res = hook_impl.function(*args)
  File "/Users/arunkumardamera/Documents/E-commerce_Web_Application_TesAutomation_Project/ecommerce_test_automation_v1/ecommerce_automation/venv/lib/python3.12/site-packages/_pytest/main.py", line 362, in pytest_runtestloop
    item.config.hook.pytest_runtest_protocol(item=item, nextitem=nextitem)
  File "/Users/arunkumardamera/Documents/E-commerce_Web_Application_TesAutomation_Project/ecommerce_test_automation_v1/ecommerce_automation/venv/lib/python3.12/site-packages/pluggy/_hooks.py", line 512, in __call__
    return self._hookexec(self.name, self._hookimpls.copy(), kwargs, firstresult)
  File "/Users/arunkumardamera/Documents/E-commerce_Web_Application_TesAutomation_Project/ecommerce_test_automation_v1/ecommerce_automation/venv/lib/python3.12/site-packages/pluggy/_manager.py", line 120, in _hookexec
    return self._inner_hookexec(hook_name, methods, kwargs, firstresult)
  File "/Users/arunkumardamera/Documents/E-commerce_Web_Application_TesAutomation_Project/ecommerce_test_automation_v1/ecommerce_automation/venv/lib/python3.12/site-packages/pluggy/_callers.py", line 121, in _multicall
    res = hook_impl.function(*args)
  File "/Users/arunkumardamera/Documents/E-commerce_Web_Application_TesAutomation_Project/ecommerce_test_automation_v1/ecommerce_automation/venv/lib/python3.12/site-packages/_pytest/runner.py", line 113, in pytest_runtest_protocol
    runtestprotocol(item, nextitem=nextitem)
  File "/Users/arunkumardamera/Documents/E-commerce_Web_Application_TesAutomation_Project/ecommerce_test_automation_v1/ecommerce_automation/venv/lib/python3.12/site-packages/_pytest/runner.py", line 132, in runtestprotocol
    reports.append(call_and_report(item, "call", log))
  File "/Users/arunkumardamera/Documents/E-commerce_Web_Application_TesAutomation_Project/ecommerce_test_automation_v1/ecommerce_automation/venv/lib/python3.12/site-packages/_pytest/runner.py", line 241, in call_and_report
    call = CallInfo.from_call(
  File "/Users/arunkumardamera/Documents/E-commerce_Web_Application_TesAutomation_Project/ecommerce_test_automation_v1/ecommerce_automation/venv/lib/python3.12/site-packages/_pytest/runner.py", line 341, in from_call
    result: TResult | None = func()
  File "/Users/arunkumardamera/Documents/E-commerce_Web_Application_TesAutomation_Project/ecommerce_test_automation_v1/ecommerce_automation/venv/lib/python3.12/site-packages/_pytest/runner.py", line 242, in <lambda>
    lambda: runtest_hook(item=item, **kwds), when=when, reraise=reraise
  File "/Users/arunkumardamera/Documents/E-commerce_Web_Application_TesAutomation_Project/ecommerce_test_automation_v1/ecommerce_automation/venv/lib/python3.12/site-packages/pluggy/_hooks.py", line 512, in __call__
    return self._hookexec(self.name, self._hookimpls.copy(), kwargs, firstresult)
  File "/Users/arunkumardamera/Documents/E-commerce_Web_Application_TesAutomation_Project/ecommerce_test_automation_v1/ecommerce_automation/venv/lib/python3.12/site-packages/pluggy/_manager.py", line 120, in _hookexec
    return self._inner_hookexec(hook_name, methods, kwargs, firstresult)
  File "/Users/arunkumardamera/Documents/E-commerce_Web_Application_TesAutomation_Project/ecommerce_test_automation_v1/ecommerce_automation/venv/lib/python3.12/site-packages/pluggy/_callers.py", line 121, in _multicall
    res = hook_impl.function(*args)
  File "/Users/arunkumardamera/Documents/E-commerce_Web_Application_TesAutomation_Project/ecommerce_test_automation_v1/ecommerce_automation/venv/lib/python3.12/site-packages/_pytest/runner.py", line 174, in pytest_runtest_call
    item.runtest()
  File "/Users/arunkumardamera/Documents/E-commerce_Web_Application_TesAutomation_Project/ecommerce_test_automation_v1/ecommerce_automation/venv/lib/python3.12/site-packages/_pytest/python.py", line 1627, in runtest
    self.ihook.pytest_pyfunc_call(pyfuncitem=self)
  File "/Users/arunkumardamera/Documents/E-commerce_Web_Application_TesAutomation_Project/ecommerce_test_automation_v1/ecommerce_automation/venv/lib/python3.12/site-packages/pluggy/_hooks.py", line 512, in __call__
    return self._hookexec(self.name, self._hookimpls.copy(), kwargs, firstresult)
  File "/Users/arunkumardamera/Documents/E-commerce_Web_Application_TesAutomation_Project/ecommerce_test_automation_v1/ecommerce_automation/venv/lib/python3.12/site-packages/pluggy/_manager.py", line 120, in _hookexec
    return self._inner_hookexec(hook_name, methods, kwargs, firstresult)
  File "/Users/arunkumardamera/Documents/E-commerce_Web_Application_TesAutomation_Project/ecommerce_test_automation_v1/ecommerce_automation/venv/lib/python3.12/site-packages/pluggy/_callers.py", line 121, in _multicall
    res = hook_impl.function(*args)
  File "/Users/arunkumardamera/Documents/E-commerce_Web_Application_TesAutomation_Project/ecommerce_test_automation_v1/ecommerce_automation/venv/lib/python3.12/site-packages/_pytest/python.py", line 159, in pytest_pyfunc_call
    result = testfunction(**testargs)
  File "/Users/arunkumardamera/Documents/E-commerce_Web_Application_TesAutomation_Project/ecommerce_test_automation_v1/ecommerce_automation/tests/test_search.py", line 34, in test_search_product
    logger.log_test_step("Navigate to home", "completed", test_id=test_id)
  File "/Users/arunkumardamera/Documents/E-commerce_Web_Application_TesAutomation_Project/ecommerce_test_automation_v1/ecommerce_automation/utils/test_logger.py", line 120, in log_test_step
    self.test_logger.debug(
Message: 'Test step: Navigate to home - completed'
Arguments: ()
--- Logging error ---
Traceback (most recent call last):
  File "/Library/Frameworks/Python.framework/Versions/3.12/lib/python3.12/logging/handlers.py", line 73, in emit
    if self.shouldRollover(record):
       ^^^^^^^^^^^^^^^^^^^^^^^^^^^
  File "/Library/Frameworks/Python.framework/Versions/3.12/lib/python3.12/logging/handlers.py", line 196, in shouldRollover
    msg = "%s\n" % self.format(record)
                   ^^^^^^^^^^^^^^^^^^^
  File "/Library/Frameworks/Python.framework/Versions/3.12/lib/python3.12/logging/__init__.py", line 999, in format
    return fmt.format(record)
           ^^^^^^^^^^^^^^^^^^
  File "/Users/arunkumardamera/Documents/E-commerce_Web_Application_TesAutomation_Project/ecommerce_test_automation_v1/ecommerce_automation/utils/test_logger.py", line 14, in format
    "timestamp": datetime.now(datetime.UTC).isoformat(),
                              ^^^^^^^^^^^^
AttributeError: type object 'datetime.datetime' has no attribute 'UTC'
Call stack:
  File "<frozen runpy>", line 198, in _run_module_as_main
  File "<frozen runpy>", line 88, in _run_code
  File "/Users/arunkumardamera/Documents/E-commerce_Web_Application_TesAutomation_Project/ecommerce_test_automation_v1/ecommerce_automation/venv/lib/python3.12/site-packages/pytest/__main__.py", line 9, in <module>
    raise SystemExit(pytest.console_main())
  File "/Users/arunkumardamera/Documents/E-commerce_Web_Application_TesAutomation_Project/ecommerce_test_automation_v1/ecommerce_automation/venv/lib/python3.12/site-packages/_pytest/config/__init__.py", line 201, in console_main
    code = main()
  File "/Users/arunkumardamera/Documents/E-commerce_Web_Application_TesAutomation_Project/ecommerce_test_automation_v1/ecommerce_automation/venv/lib/python3.12/site-packages/_pytest/config/__init__.py", line 175, in main
    ret: ExitCode | int = config.hook.pytest_cmdline_main(config=config)
  File "/Users/arunkumardamera/Documents/E-commerce_Web_Application_TesAutomation_Project/ecommerce_test_automation_v1/ecommerce_automation/venv/lib/python3.12/site-packages/pluggy/_hooks.py", line 512, in __call__
    return self._hookexec(self.name, self._hookimpls.copy(), kwargs, firstresult)
  File "/Users/arunkumardamera/Documents/E-commerce_Web_Application_TesAutomation_Project/ecommerce_test_automation_v1/ecommerce_automation/venv/lib/python3.12/site-packages/pluggy/_manager.py", line 120, in _hookexec
    return self._inner_hookexec(hook_name, methods, kwargs, firstresult)
  File "/Users/arunkumardamera/Documents/E-commerce_Web_Application_TesAutomation_Project/ecommerce_test_automation_v1/ecommerce_automation/venv/lib/python3.12/site-packages/pluggy/_callers.py", line 121, in _multicall
    res = hook_impl.function(*args)
  File "/Users/arunkumardamera/Documents/E-commerce_Web_Application_TesAutomation_Project/ecommerce_test_automation_v1/ecommerce_automation/venv/lib/python3.12/site-packages/_pytest/main.py", line 330, in pytest_cmdline_main
    return wrap_session(config, _main)
  File "/Users/arunkumardamera/Documents/E-commerce_Web_Application_TesAutomation_Project/ecommerce_test_automation_v1/ecommerce_automation/venv/lib/python3.12/site-packages/_pytest/main.py", line 283, in wrap_session
    session.exitstatus = doit(config, session) or 0
  File "/Users/arunkumardamera/Documents/E-commerce_Web_Application_TesAutomation_Project/ecommerce_test_automation_v1/ecommerce_automation/venv/lib/python3.12/site-packages/_pytest/main.py", line 337, in _main
    config.hook.pytest_runtestloop(session=session)
  File "/Users/arunkumardamera/Documents/E-commerce_Web_Application_TesAutomation_Project/ecommerce_test_automation_v1/ecommerce_automation/venv/lib/python3.12/site-packages/pluggy/_hooks.py", line 512, in __call__
    return self._hookexec(self.name, self._hookimpls.copy(), kwargs, firstresult)
  File "/Users/arunkumardamera/Documents/E-commerce_Web_Application_TesAutomation_Project/ecommerce_test_automation_v1/ecommerce_automation/venv/lib/python3.12/site-packages/pluggy/_manager.py", line 120, in _hookexec
    return self._inner_hookexec(hook_name, methods, kwargs, firstresult)
  File "/Users/arunkumardamera/Documents/E-commerce_Web_Application_TesAutomation_Project/ecommerce_test_automation_v1/ecommerce_automation/venv/lib/python3.12/site-packages/pluggy/_callers.py", line 121, in _multicall
    res = hook_impl.function(*args)
  File "/Users/arunkumardamera/Documents/E-commerce_Web_Application_TesAutomation_Project/ecommerce_test_automation_v1/ecommerce_automation/venv/lib/python3.12/site-packages/_pytest/main.py", line 362, in pytest_runtestloop
    item.config.hook.pytest_runtest_protocol(item=item, nextitem=nextitem)
  File "/Users/arunkumardamera/Documents/E-commerce_Web_Application_TesAutomation_Project/ecommerce_test_automation_v1/ecommerce_automation/venv/lib/python3.12/site-packages/pluggy/_hooks.py", line 512, in __call__
    return self._hookexec(self.name, self._hookimpls.copy(), kwargs, firstresult)
  File "/Users/arunkumardamera/Documents/E-commerce_Web_Application_TesAutomation_Project/ecommerce_test_automation_v1/ecommerce_automation/venv/lib/python3.12/site-packages/pluggy/_manager.py", line 120, in _hookexec
    return self._inner_hookexec(hook_name, methods, kwargs, firstresult)
  File "/Users/arunkumardamera/Documents/E-commerce_Web_Application_TesAutomation_Project/ecommerce_test_automation_v1/ecommerce_automation/venv/lib/python3.12/site-packages/pluggy/_callers.py", line 121, in _multicall
    res = hook_impl.function(*args)
  File "/Users/arunkumardamera/Documents/E-commerce_Web_Application_TesAutomation_Project/ecommerce_test_automation_v1/ecommerce_automation/venv/lib/python3.12/site-packages/_pytest/runner.py", line 113, in pytest_runtest_protocol
    runtestprotocol(item, nextitem=nextitem)
  File "/Users/arunkumardamera/Documents/E-commerce_Web_Application_TesAutomation_Project/ecommerce_test_automation_v1/ecommerce_automation/venv/lib/python3.12/site-packages/_pytest/runner.py", line 132, in runtestprotocol
    reports.append(call_and_report(item, "call", log))
  File "/Users/arunkumardamera/Documents/E-commerce_Web_Application_TesAutomation_Project/ecommerce_test_automation_v1/ecommerce_automation/venv/lib/python3.12/site-packages/_pytest/runner.py", line 241, in call_and_report
    call = CallInfo.from_call(
  File "/Users/arunkumardamera/Documents/E-commerce_Web_Application_TesAutomation_Project/ecommerce_test_automation_v1/ecommerce_automation/venv/lib/python3.12/site-packages/_pytest/runner.py", line 341, in from_call
    result: TResult | None = func()
  File "/Users/arunkumardamera/Documents/E-commerce_Web_Application_TesAutomation_Project/ecommerce_test_automation_v1/ecommerce_automation/venv/lib/python3.12/site-packages/_pytest/runner.py", line 242, in <lambda>
    lambda: runtest_hook(item=item, **kwds), when=when, reraise=reraise
  File "/Users/arunkumardamera/Documents/E-commerce_Web_Application_TesAutomation_Project/ecommerce_test_automation_v1/ecommerce_automation/venv/lib/python3.12/site-packages/pluggy/_hooks.py", line 512, in __call__
    return self._hookexec(self.name, self._hookimpls.copy(), kwargs, firstresult)
  File "/Users/arunkumardamera/Documents/E-commerce_Web_Application_TesAutomation_Project/ecommerce_test_automation_v1/ecommerce_automation/venv/lib/python3.12/site-packages/pluggy/_manager.py", line 120, in _hookexec
    return self._inner_hookexec(hook_name, methods, kwargs, firstresult)
  File "/Users/arunkumardamera/Documents/E-commerce_Web_Application_TesAutomation_Project/ecommerce_test_automation_v1/ecommerce_automation/venv/lib/python3.12/site-packages/pluggy/_callers.py", line 121, in _multicall
    res = hook_impl.function(*args)
  File "/Users/arunkumardamera/Documents/E-commerce_Web_Application_TesAutomation_Project/ecommerce_test_automation_v1/ecommerce_automation/venv/lib/python3.12/site-packages/_pytest/runner.py", line 174, in pytest_runtest_call
    item.runtest()
  File "/Users/arunkumardamera/Documents/E-commerce_Web_Application_TesAutomation_Project/ecommerce_test_automation_v1/ecommerce_automation/venv/lib/python3.12/site-packages/_pytest/python.py", line 1627, in runtest
    self.ihook.pytest_pyfunc_call(pyfuncitem=self)
  File "/Users/arunkumardamera/Documents/E-commerce_Web_Application_TesAutomation_Project/ecommerce_test_automation_v1/ecommerce_automation/venv/lib/python3.12/site-packages/pluggy/_hooks.py", line 512, in __call__
    return self._hookexec(self.name, self._hookimpls.copy(), kwargs, firstresult)
  File "/Users/arunkumardamera/Documents/E-commerce_Web_Application_TesAutomation_Project/ecommerce_test_automation_v1/ecommerce_automation/venv/lib/python3.12/site-packages/pluggy/_manager.py", line 120, in _hookexec
    return self._inner_hookexec(hook_name, methods, kwargs, firstresult)
  File "/Users/arunkumardamera/Documents/E-commerce_Web_Application_TesAutomation_Project/ecommerce_test_automation_v1/ecommerce_automation/venv/lib/python3.12/site-packages/pluggy/_callers.py", line 121, in _multicall
    res = hook_impl.function(*args)
  File "/Users/arunkumardamera/Documents/E-commerce_Web_Application_TesAutomation_Project/ecommerce_test_automation_v1/ecommerce_automation/venv/lib/python3.12/site-packages/_pytest/python.py", line 159, in pytest_pyfunc_call
    result = testfunction(**testargs)
  File "/Users/arunkumardamera/Documents/E-commerce_Web_Application_TesAutomation_Project/ecommerce_test_automation_v1/ecommerce_automation/tests/test_search.py", line 37, in test_search_product
    logger.log_test_step("Search product", "started",
  File "/Users/arunkumardamera/Documents/E-commerce_Web_Application_TesAutomation_Project/ecommerce_test_automation_v1/ecommerce_automation/utils/test_logger.py", line 120, in log_test_step
    self.test_logger.debug(
Message: 'Test step: Search product - started'
Arguments: ()
--- Logging error ---
Traceback (most recent call last):
  File "/Users/arunkumardamera/Documents/E-commerce_Web_Application_TesAutomation_Project/ecommerce_test_automation_v1/ecommerce_automation/tests/test_search.py", line 42, in test_search_product
    driver.get("https://demowebshop.tricentis.com/")
  File "/Users/arunkumardamera/Documents/E-commerce_Web_Application_TesAutomation_Project/ecommerce_test_automation_v1/ecommerce_automation/venv/lib/python3.12/site-packages/selenium/webdriver/remote/webdriver.py", line 472, in get
    self.execute(Command.GET, {"url": url})
  File "/Users/arunkumardamera/Documents/E-commerce_Web_Application_TesAutomation_Project/ecommerce_test_automation_v1/ecommerce_automation/venv/lib/python3.12/site-packages/selenium/webdriver/remote/webdriver.py", line 447, in execute
    self.error_handler.check_response(response)
  File "/Users/arunkumardamera/Documents/E-commerce_Web_Application_TesAutomation_Project/ecommerce_test_automation_v1/ecommerce_automation/venv/lib/python3.12/site-packages/selenium/webdriver/remote/errorhandler.py", line 231, in check_response
    raise exception_class(message, screen, stacktrace, alert_text)  # type: ignore[call-arg]  # mypy is not smart enough here
    ^^^^^^^^^^^^^^^^^^^^^^^^^^^^^^^^^^^^^^^^^^^^^^^^^^^^^^^^^^^^^^
selenium.common.exceptions.UnexpectedAlertPresentException: Alert Text: Please enter some search keyword
Message: unexpected alert open: {Alert text : Please enter some search keyword}
  (Session info: chrome=137.0.7151.41)
Stacktrace:
0   chromedriver                        0x00000001083d0898 chromedriver + 5986456
1   chromedriver                        0x00000001083c79ca chromedriver + 5949898
2   chromedriver                        0x0000000107e80600 chromedriver + 415232
3   chromedriver                        0x0000000107f1ffa9 chromedriver + 1068969
4   chromedriver                        0x0000000107ef80e3 chromedriver + 905443
5   chromedriver                        0x0000000107ec461d chromedriver + 693789
6   chromedriver                        0x0000000107ec5281 chromedriver + 696961
7   chromedriver                        0x000000010838e560 chromedriver + 5715296
8   chromedriver                        0x0000000108392425 chromedriver + 5731365
9   chromedriver                        0x0000000108368eb0 chromedriver + 5562032
10  chromedriver                        0x0000000108392e5b chromedriver + 5733979
11  chromedriver                        0x0000000108357dc4 chromedriver + 5492164
12  chromedriver                        0x00000001083b5a78 chromedriver + 5876344
13  chromedriver                        0x00000001083b5c40 chromedriver + 5876800
14  chromedriver                        0x00000001083c7591 chromedriver + 5948817
15  libsystem_pthread.dylib             0x00007ff809470df1 _pthread_start + 99
16  libsystem_pthread.dylib             0x00007ff80946c857 thread_start + 15


During handling of the above exception, another exception occurred:

Traceback (most recent call last):
  File "/Library/Frameworks/Python.framework/Versions/3.12/lib/python3.12/logging/handlers.py", line 73, in emit
    if self.shouldRollover(record):
       ^^^^^^^^^^^^^^^^^^^^^^^^^^^
  File "/Library/Frameworks/Python.framework/Versions/3.12/lib/python3.12/logging/handlers.py", line 196, in shouldRollover
    msg = "%s\n" % self.format(record)
                   ^^^^^^^^^^^^^^^^^^^
  File "/Library/Frameworks/Python.framework/Versions/3.12/lib/python3.12/logging/__init__.py", line 999, in format
    return fmt.format(record)
           ^^^^^^^^^^^^^^^^^^
  File "/Users/arunkumardamera/Documents/E-commerce_Web_Application_TesAutomation_Project/ecommerce_test_automation_v1/ecommerce_automation/utils/test_logger.py", line 14, in format
    "timestamp": datetime.now(datetime.UTC).isoformat(),
                              ^^^^^^^^^^^^
AttributeError: type object 'datetime.datetime' has no attribute 'UTC'
Call stack:
  File "<frozen runpy>", line 198, in _run_module_as_main
  File "<frozen runpy>", line 88, in _run_code
  File "/Users/arunkumardamera/Documents/E-commerce_Web_Application_TesAutomation_Project/ecommerce_test_automation_v1/ecommerce_automation/venv/lib/python3.12/site-packages/pytest/__main__.py", line 9, in <module>
    raise SystemExit(pytest.console_main())
  File "/Users/arunkumardamera/Documents/E-commerce_Web_Application_TesAutomation_Project/ecommerce_test_automation_v1/ecommerce_automation/venv/lib/python3.12/site-packages/_pytest/config/__init__.py", line 201, in console_main
    code = main()
  File "/Users/arunkumardamera/Documents/E-commerce_Web_Application_TesAutomation_Project/ecommerce_test_automation_v1/ecommerce_automation/venv/lib/python3.12/site-packages/_pytest/config/__init__.py", line 175, in main
    ret: ExitCode | int = config.hook.pytest_cmdline_main(config=config)
  File "/Users/arunkumardamera/Documents/E-commerce_Web_Application_TesAutomation_Project/ecommerce_test_automation_v1/ecommerce_automation/venv/lib/python3.12/site-packages/pluggy/_hooks.py", line 512, in __call__
    return self._hookexec(self.name, self._hookimpls.copy(), kwargs, firstresult)
  File "/Users/arunkumardamera/Documents/E-commerce_Web_Application_TesAutomation_Project/ecommerce_test_automation_v1/ecommerce_automation/venv/lib/python3.12/site-packages/pluggy/_manager.py", line 120, in _hookexec
    return self._inner_hookexec(hook_name, methods, kwargs, firstresult)
  File "/Users/arunkumardamera/Documents/E-commerce_Web_Application_TesAutomation_Project/ecommerce_test_automation_v1/ecommerce_automation/venv/lib/python3.12/site-packages/pluggy/_callers.py", line 121, in _multicall
    res = hook_impl.function(*args)
  File "/Users/arunkumardamera/Documents/E-commerce_Web_Application_TesAutomation_Project/ecommerce_test_automation_v1/ecommerce_automation/venv/lib/python3.12/site-packages/_pytest/main.py", line 330, in pytest_cmdline_main
    return wrap_session(config, _main)
  File "/Users/arunkumardamera/Documents/E-commerce_Web_Application_TesAutomation_Project/ecommerce_test_automation_v1/ecommerce_automation/venv/lib/python3.12/site-packages/_pytest/main.py", line 283, in wrap_session
    session.exitstatus = doit(config, session) or 0
  File "/Users/arunkumardamera/Documents/E-commerce_Web_Application_TesAutomation_Project/ecommerce_test_automation_v1/ecommerce_automation/venv/lib/python3.12/site-packages/_pytest/main.py", line 337, in _main
    config.hook.pytest_runtestloop(session=session)
  File "/Users/arunkumardamera/Documents/E-commerce_Web_Application_TesAutomation_Project/ecommerce_test_automation_v1/ecommerce_automation/venv/lib/python3.12/site-packages/pluggy/_hooks.py", line 512, in __call__
    return self._hookexec(self.name, self._hookimpls.copy(), kwargs, firstresult)
  File "/Users/arunkumardamera/Documents/E-commerce_Web_Application_TesAutomation_Project/ecommerce_test_automation_v1/ecommerce_automation/venv/lib/python3.12/site-packages/pluggy/_manager.py", line 120, in _hookexec
    return self._inner_hookexec(hook_name, methods, kwargs, firstresult)
  File "/Users/arunkumardamera/Documents/E-commerce_Web_Application_TesAutomation_Project/ecommerce_test_automation_v1/ecommerce_automation/venv/lib/python3.12/site-packages/pluggy/_callers.py", line 121, in _multicall
    res = hook_impl.function(*args)
  File "/Users/arunkumardamera/Documents/E-commerce_Web_Application_TesAutomation_Project/ecommerce_test_automation_v1/ecommerce_automation/venv/lib/python3.12/site-packages/_pytest/main.py", line 362, in pytest_runtestloop
    item.config.hook.pytest_runtest_protocol(item=item, nextitem=nextitem)
  File "/Users/arunkumardamera/Documents/E-commerce_Web_Application_TesAutomation_Project/ecommerce_test_automation_v1/ecommerce_automation/venv/lib/python3.12/site-packages/pluggy/_hooks.py", line 512, in __call__
    return self._hookexec(self.name, self._hookimpls.copy(), kwargs, firstresult)
  File "/Users/arunkumardamera/Documents/E-commerce_Web_Application_TesAutomation_Project/ecommerce_test_automation_v1/ecommerce_automation/venv/lib/python3.12/site-packages/pluggy/_manager.py", line 120, in _hookexec
    return self._inner_hookexec(hook_name, methods, kwargs, firstresult)
  File "/Users/arunkumardamera/Documents/E-commerce_Web_Application_TesAutomation_Project/ecommerce_test_automation_v1/ecommerce_automation/venv/lib/python3.12/site-packages/pluggy/_callers.py", line 121, in _multicall
    res = hook_impl.function(*args)
  File "/Users/arunkumardamera/Documents/E-commerce_Web_Application_TesAutomation_Project/ecommerce_test_automation_v1/ecommerce_automation/venv/lib/python3.12/site-packages/_pytest/runner.py", line 113, in pytest_runtest_protocol
    runtestprotocol(item, nextitem=nextitem)
  File "/Users/arunkumardamera/Documents/E-commerce_Web_Application_TesAutomation_Project/ecommerce_test_automation_v1/ecommerce_automation/venv/lib/python3.12/site-packages/_pytest/runner.py", line 132, in runtestprotocol
    reports.append(call_and_report(item, "call", log))
  File "/Users/arunkumardamera/Documents/E-commerce_Web_Application_TesAutomation_Project/ecommerce_test_automation_v1/ecommerce_automation/venv/lib/python3.12/site-packages/_pytest/runner.py", line 241, in call_and_report
    call = CallInfo.from_call(
  File "/Users/arunkumardamera/Documents/E-commerce_Web_Application_TesAutomation_Project/ecommerce_test_automation_v1/ecommerce_automation/venv/lib/python3.12/site-packages/_pytest/runner.py", line 341, in from_call
    result: TResult | None = func()
  File "/Users/arunkumardamera/Documents/E-commerce_Web_Application_TesAutomation_Project/ecommerce_test_automation_v1/ecommerce_automation/venv/lib/python3.12/site-packages/_pytest/runner.py", line 242, in <lambda>
    lambda: runtest_hook(item=item, **kwds), when=when, reraise=reraise
  File "/Users/arunkumardamera/Documents/E-commerce_Web_Application_TesAutomation_Project/ecommerce_test_automation_v1/ecommerce_automation/venv/lib/python3.12/site-packages/pluggy/_hooks.py", line 512, in __call__
    return self._hookexec(self.name, self._hookimpls.copy(), kwargs, firstresult)
  File "/Users/arunkumardamera/Documents/E-commerce_Web_Application_TesAutomation_Project/ecommerce_test_automation_v1/ecommerce_automation/venv/lib/python3.12/site-packages/pluggy/_manager.py", line 120, in _hookexec
    return self._inner_hookexec(hook_name, methods, kwargs, firstresult)
  File "/Users/arunkumardamera/Documents/E-commerce_Web_Application_TesAutomation_Project/ecommerce_test_automation_v1/ecommerce_automation/venv/lib/python3.12/site-packages/pluggy/_callers.py", line 121, in _multicall
    res = hook_impl.function(*args)
  File "/Users/arunkumardamera/Documents/E-commerce_Web_Application_TesAutomation_Project/ecommerce_test_automation_v1/ecommerce_automation/venv/lib/python3.12/site-packages/_pytest/runner.py", line 174, in pytest_runtest_call
    item.runtest()
  File "/Users/arunkumardamera/Documents/E-commerce_Web_Application_TesAutomation_Project/ecommerce_test_automation_v1/ecommerce_automation/venv/lib/python3.12/site-packages/_pytest/python.py", line 1627, in runtest
    self.ihook.pytest_pyfunc_call(pyfuncitem=self)
  File "/Users/arunkumardamera/Documents/E-commerce_Web_Application_TesAutomation_Project/ecommerce_test_automation_v1/ecommerce_automation/venv/lib/python3.12/site-packages/pluggy/_hooks.py", line 512, in __call__
    return self._hookexec(self.name, self._hookimpls.copy(), kwargs, firstresult)
  File "/Users/arunkumardamera/Documents/E-commerce_Web_Application_TesAutomation_Project/ecommerce_test_automation_v1/ecommerce_automation/venv/lib/python3.12/site-packages/pluggy/_manager.py", line 120, in _hookexec
    return self._inner_hookexec(hook_name, methods, kwargs, firstresult)
  File "/Users/arunkumardamera/Documents/E-commerce_Web_Application_TesAutomation_Project/ecommerce_test_automation_v1/ecommerce_automation/venv/lib/python3.12/site-packages/pluggy/_callers.py", line 121, in _multicall
    res = hook_impl.function(*args)
  File "/Users/arunkumardamera/Documents/E-commerce_Web_Application_TesAutomation_Project/ecommerce_test_automation_v1/ecommerce_automation/venv/lib/python3.12/site-packages/_pytest/python.py", line 159, in pytest_pyfunc_call
    result = testfunction(**testargs)
  File "/Users/arunkumardamera/Documents/E-commerce_Web_Application_TesAutomation_Project/ecommerce_test_automation_v1/ecommerce_automation/tests/test_search.py", line 72, in test_search_product
    logger.log_test_end(
  File "/Users/arunkumardamera/Documents/E-commerce_Web_Application_TesAutomation_Project/ecommerce_test_automation_v1/ecommerce_automation/utils/test_logger.py", line 109, in log_test_end
    self.test_logger.info(
Message: 'Test completed: test_search_product - Status: failed'
Arguments: ()
